
▶️  xpln ------------------------------------------------------------

-----------
explain=	{:type {Small}}
all               	{:CityMPG+ 21.0 :Class- 17.7 :HighwayMPG+ 28.0 :N 93 :Weight- 3040.0}	{:CityMPG+ 4.65 :Class- 9.57 :HighwayMPG+ 5.04 :N 93 :Weight- 585.27}
sway with     5 evals	{:CityMPG+ 29.0 :Class- 8.6 :HighwayMPG+ 33.0 :N 5 :Weight- 2240.0}	{:CityMPG+ 6.59 :Class- 0.78 :HighwayMPG+ 5.43 :N 5 :Weight- 253.88}
xpln on       5 evals	{:CityMPG+ 29.0 :Class- 10.0 :HighwayMPG+ 33.0 :N 22 :Weight- 2345.0}	{:CityMPG+ 6.59 :Class- 1.63 :HighwayMPG+ 5.43 :N 22 :Weight- 319.77}
sort with    93 evals	{:CityMPG+ 39.0 :Class- 8.6 :HighwayMPG+ 43.0 :N 5 :Weight- 2045.0}	{:CityMPG+ 5.43 :Class- 1.43 :HighwayMPG+ 5.04 :N 5 :Weight- 253.88}

▶️  xpln ------------------------------------------------------------

-----------
explain=	{:Engine_size {{-inf 1.6}} :domestic {0}}
all               	{:CityMPG+ 21.0 :Class- 17.7 :HighwayMPG+ 28.0 :N 93 :Weight- 3040.0}	{:CityMPG+ 4.65 :Class- 9.57 :HighwayMPG+ 5.04 :N 93 :Weight- 585.27}
sway with     5 evals	{:CityMPG+ 29.0 :Class- 8.6 :HighwayMPG+ 36.0 :N 6 :Weight- 2055.0}	{:CityMPG+ 4.26 :Class- 0.89 :HighwayMPG+ 3.88 :N 6 :Weight- 251.94}
xpln on       5 evals	{:CityMPG+ 32.0 :Class- 9.8 :HighwayMPG+ 37.0 :N 9 :Weight- 2285.0}	{:CityMPG+ 9.69 :Class- 1.59 :HighwayMPG+ 8.14 :N 9 :Weight- 253.88}
sort with    93 evals	{:CityMPG+ 33.0 :Class- 8.6 :HighwayMPG+ 41.0 :N 6 :Weight- 2045.0}	{:CityMPG+ 4.26 :Class- 0.54 :HighwayMPG+ 3.49 :N 6 :Weight- 253.88}

▶️  xpln ------------------------------------------------------------

-----------
explain=	{:Fuel_tank_capacity {{-inf 13.2}} :Horsepower {{-inf 105}}}
all               	{:CityMPG+ 21.0 :Class- 17.7 :HighwayMPG+ 28.0 :N 93 :Weight- 3040.0}	{:CityMPG+ 4.65 :Class- 9.57 :HighwayMPG+ 5.04 :N 93 :Weight- 585.27}
sway with     5 evals	{:CityMPG+ 32.0 :Class- 8.4 :HighwayMPG+ 37.0 :N 6 :Weight- 2045.0}	{:CityMPG+ 5.43 :Class- 0.43 :HighwayMPG+ 3.88 :N 6 :Weight- 211.24}
xpln on       5 evals	{:CityMPG+ 30.0 :Class- 9.1 :HighwayMPG+ 36.0 :N 12 :Weight- 2240.0}	{:CityMPG+ 7.36 :Class- 1.98 :HighwayMPG+ 7.75 :N 12 :Weight- 302.33}
sort with    93 evals	{:CityMPG+ 33.0 :Class- 8.6 :HighwayMPG+ 41.0 :N 6 :Weight- 2045.0}	{:CityMPG+ 4.26 :Class- 0.54 :HighwayMPG+ 3.49 :N 6 :Weight- 253.88}

▶️  xpln ------------------------------------------------------------

-----------
explain=	{:type {Small}}
all               	{:CityMPG+ 21.0 :Class- 17.7 :HighwayMPG+ 28.0 :N 93 :Weight- 3040.0}	{:CityMPG+ 4.65 :Class- 9.57 :HighwayMPG+ 5.04 :N 93 :Weight- 585.27}
sway with     5 evals	{:CityMPG+ 31.0 :Class- 8.6 :HighwayMPG+ 33.0 :N 5 :Weight- 2045.0}	{:CityMPG+ 6.2 :Class- 1.05 :HighwayMPG+ 5.04 :N 5 :Weight- 265.5}
xpln on       5 evals	{:CityMPG+ 29.0 :Class- 10.0 :HighwayMPG+ 33.0 :N 22 :Weight- 2345.0}	{:CityMPG+ 6.59 :Class- 1.63 :HighwayMPG+ 5.43 :N 22 :Weight- 319.77}
sort with    93 evals	{:CityMPG+ 39.0 :Class- 8.6 :HighwayMPG+ 43.0 :N 5 :Weight- 2045.0}	{:CityMPG+ 5.43 :Class- 1.43 :HighwayMPG+ 5.04 :N 5 :Weight- 253.88}

▶️  xpln ------------------------------------------------------------

-----------
explain=	{:type {Small}}
all               	{:CityMPG+ 21.0 :Class- 17.7 :HighwayMPG+ 28.0 :N 93 :Weight- 3040.0}	{:CityMPG+ 4.65 :Class- 9.57 :HighwayMPG+ 5.04 :N 93 :Weight- 585.27}
sway with     5 evals	{:CityMPG+ 29.0 :Class- 9.1 :HighwayMPG+ 33.0 :N 6 :Weight- 2055.0}	{:CityMPG+ 3.1 :Class- 0.74 :HighwayMPG+ 1.55 :N 6 :Weight- 127.91}
xpln on       5 evals	{:CityMPG+ 29.0 :Class- 10.0 :HighwayMPG+ 33.0 :N 22 :Weight- 2345.0}	{:CityMPG+ 6.59 :Class- 1.63 :HighwayMPG+ 5.43 :N 22 :Weight- 319.77}
sort with    93 evals	{:CityMPG+ 33.0 :Class- 8.6 :HighwayMPG+ 41.0 :N 6 :Weight- 2045.0}	{:CityMPG+ 4.26 :Class- 0.54 :HighwayMPG+ 3.49 :N 6 :Weight- 253.88}

▶️  xpln ------------------------------------------------------------

-----------
explain=	{:Length {{-inf 168}}}
all               	{:CityMPG+ 21.0 :Class- 17.7 :HighwayMPG+ 28.0 :N 93 :Weight- 3040.0}	{:CityMPG+ 4.65 :Class- 9.57 :HighwayMPG+ 5.04 :N 93 :Weight- 585.27}
sway with     5 evals	{:CityMPG+ 32.0 :Class- 8.6 :HighwayMPG+ 37.0 :N 5 :Weight- 2055.0}	{:CityMPG+ 5.43 :Class- 0.7 :HighwayMPG+ 3.88 :N 5 :Weight- 147.29}
xpln on       5 evals	{:CityMPG+ 29.0 :Class- 9.1 :HighwayMPG+ 34.0 :N 14 :Weight- 2285.0}	{:CityMPG+ 8.53 :Class- 7.98 :HighwayMPG+ 7.36 :N 14 :Weight- 653.1}
sort with    93 evals	{:CityMPG+ 39.0 :Class- 8.6 :HighwayMPG+ 43.0 :N 5 :Weight- 2045.0}	{:CityMPG+ 5.43 :Class- 1.43 :HighwayMPG+ 5.04 :N 5 :Weight- 253.88}

▶️  xpln ------------------------------------------------------------

-----------
explain=	{:U-turn_space {{-inf 35}}}
all               	{:CityMPG+ 21.0 :Class- 17.7 :HighwayMPG+ 28.0 :N 93 :Weight- 3040.0}	{:CityMPG+ 4.65 :Class- 9.57 :HighwayMPG+ 5.04 :N 93 :Weight- 585.27}
sway with     5 evals	{:CityMPG+ 32.0 :Class- 8.6 :HighwayMPG+ 37.0 :N 6 :Weight- 2045.0}	{:CityMPG+ 5.04 :Class- 0.54 :HighwayMPG+ 3.88 :N 6 :Weight- 222.87}
xpln on       5 evals	{:CityMPG+ 29.0 :Class- 9.1 :HighwayMPG+ 33.0 :N 11 :Weight- 2270.0}	{:CityMPG+ 7.36 :Class- 4.61 :HighwayMPG+ 5.81 :N 11 :Weight- 474.81}
sort with    93 evals	{:CityMPG+ 33.0 :Class- 8.6 :HighwayMPG+ 41.0 :N 6 :Weight- 2045.0}	{:CityMPG+ 4.26 :Class- 0.54 :HighwayMPG+ 3.49 :N 6 :Weight- 253.88}

▶️  xpln ------------------------------------------------------------

-----------
explain=	{:domestic {0} :type {Small}}
all               	{:CityMPG+ 21.0 :Class- 17.7 :HighwayMPG+ 28.0 :N 93 :Weight- 3040.0}	{:CityMPG+ 4.65 :Class- 9.57 :HighwayMPG+ 5.04 :N 93 :Weight- 585.27}
sway with     5 evals	{:CityMPG+ 29.0 :Class- 10.0 :HighwayMPG+ 33.0 :N 5 :Weight- 2345.0}	{:CityMPG+ 6.59 :Class- 1.47 :HighwayMPG+ 5.43 :N 5 :Weight- 253.88}
xpln on       5 evals	{:CityMPG+ 29.0 :Class- 10.0 :HighwayMPG+ 33.0 :N 15 :Weight- 2345.0}	{:CityMPG+ 7.75 :Class- 2.95 :HighwayMPG+ 6.59 :N 15 :Weight- 286.82}
sort with    93 evals	{:CityMPG+ 39.0 :Class- 8.6 :HighwayMPG+ 43.0 :N 5 :Weight- 2045.0}	{:CityMPG+ 5.43 :Class- 1.43 :HighwayMPG+ 5.04 :N 5 :Weight- 253.88}

▶️  xpln ------------------------------------------------------------

-----------
explain=	{:type {Small}}
all               	{:CityMPG+ 21.0 :Class- 17.7 :HighwayMPG+ 28.0 :N 93 :Weight- 3040.0}	{:CityMPG+ 4.65 :Class- 9.57 :HighwayMPG+ 5.04 :N 93 :Weight- 585.27}
sway with     5 evals	{:CityMPG+ 29.0 :Class- 9.8 :HighwayMPG+ 33.0 :N 6 :Weight- 2295.0}	{:CityMPG+ 1.55 :Class- 1.4 :HighwayMPG+ 1.16 :N 6 :Weight- 149.22}
xpln on       5 evals	{:CityMPG+ 29.0 :Class- 10.0 :HighwayMPG+ 33.0 :N 22 :Weight- 2345.0}	{:CityMPG+ 6.59 :Class- 1.63 :HighwayMPG+ 5.43 :N 22 :Weight- 319.77}
sort with    93 evals	{:CityMPG+ 33.0 :Class- 8.6 :HighwayMPG+ 41.0 :N 6 :Weight- 2045.0}	{:CityMPG+ 4.26 :Class- 0.54 :HighwayMPG+ 3.49 :N 6 :Weight- 253.88}

▶️  xpln ------------------------------------------------------------

-----------
explain=	{:type {Small}}
all               	{:CityMPG+ 21.0 :Class- 17.7 :HighwayMPG+ 28.0 :N 93 :Weight- 3040.0}	{:CityMPG+ 4.65 :Class- 9.57 :HighwayMPG+ 5.04 :N 93 :Weight- 585.27}
sway with     5 evals	{:CityMPG+ 25.0 :Class- 9.1 :HighwayMPG+ 33.0 :N 6 :Weight- 2345.0}	{:CityMPG+ 2.71 :Class- 1.4 :HighwayMPG+ 2.71 :N 6 :Weight- 253.88}
xpln on       5 evals	{:CityMPG+ 29.0 :Class- 10.0 :HighwayMPG+ 33.0 :N 22 :Weight- 2345.0}	{:CityMPG+ 6.59 :Class- 1.63 :HighwayMPG+ 5.43 :N 22 :Weight- 319.77}
sort with    93 evals	{:CityMPG+ 33.0 :Class- 8.6 :HighwayMPG+ 41.0 :N 6 :Weight- 2045.0}	{:CityMPG+ 4.26 :Class- 0.54 :HighwayMPG+ 3.49 :N 6 :Weight- 253.88}

▶️  xpln ------------------------------------------------------------

-----------
explain=	{:Fuel_tank_capacity {{-inf 13.2}} :Horsepower {{-inf 85}} :Wheelbase {{-inf 97}} :domestic {0}}
all               	{:CityMPG+ 21.0 :Class- 17.7 :HighwayMPG+ 28.0 :N 93 :Weight- 3040.0}	{:CityMPG+ 4.65 :Class- 9.57 :HighwayMPG+ 5.04 :N 93 :Weight- 585.27}
sway with     5 evals	{:CityMPG+ 29.0 :Class- 8.4 :HighwayMPG+ 33.0 :N 6 :Weight- 2055.0}	{:CityMPG+ 4.26 :Class- 0.7 :HighwayMPG+ 3.1 :N 6 :Weight- 251.94}
xpln on       5 evals	{:CityMPG+ 32.0 :Class- 8.4 :HighwayMPG+ 37.0 :N 6 :Weight- 2045.0}	{:CityMPG+ 5.43 :Class- 0.43 :HighwayMPG+ 3.88 :N 6 :Weight- 211.24}
sort with    93 evals	{:CityMPG+ 33.0 :Class- 8.6 :HighwayMPG+ 41.0 :N 6 :Weight- 2045.0}	{:CityMPG+ 4.26 :Class- 0.54 :HighwayMPG+ 3.49 :N 6 :Weight- 253.88}

▶️  xpln ------------------------------------------------------------

-----------
explain=	{:U-turn_space {{-inf 36}}}
all               	{:CityMPG+ 21.0 :Class- 17.7 :HighwayMPG+ 28.0 :N 93 :Weight- 3040.0}	{:CityMPG+ 4.65 :Class- 9.57 :HighwayMPG+ 5.04 :N 93 :Weight- 585.27}
sway with     5 evals	{:CityMPG+ 29.0 :Class- 8.4 :HighwayMPG+ 37.0 :N 6 :Weight- 2045.0}	{:CityMPG+ 5.43 :Class- 0.23 :HighwayMPG+ 5.04 :N 6 :Weight- 251.94}
xpln on       5 evals	{:CityMPG+ 29.0 :Class- 9.1 :HighwayMPG+ 33.0 :N 15 :Weight- 2325.0}	{:CityMPG+ 7.36 :Class- 4.65 :HighwayMPG+ 5.43 :N 15 :Weight- 441.86}
sort with    93 evals	{:CityMPG+ 33.0 :Class- 8.6 :HighwayMPG+ 41.0 :N 6 :Weight- 2045.0}	{:CityMPG+ 4.26 :Class- 0.54 :HighwayMPG+ 3.49 :N 6 :Weight- 253.88}

▶️  xpln ------------------------------------------------------------

-----------
explain=	{:Width {{-inf 63}}}
all               	{:CityMPG+ 21.0 :Class- 17.7 :HighwayMPG+ 28.0 :N 93 :Weight- 3040.0}	{:CityMPG+ 4.65 :Class- 9.57 :HighwayMPG+ 5.04 :N 93 :Weight- 585.27}
sway with     5 evals	{:CityMPG+ 29.0 :Class- 8.4 :HighwayMPG+ 33.0 :N 6 :Weight- 2045.0}	{:CityMPG+ 5.43 :Class- 0.43 :HighwayMPG+ 3.88 :N 6 :Weight- 232.56}
xpln on       5 evals	{:CityMPG+ 33.0 :Class- 8.4 :HighwayMPG+ 37.0 :N 2 :Weight- 2045.0}	{:CityMPG+ 3.49 :Class- 1.43 :HighwayMPG+ 3.49 :N 2 :Weight- 118.22}
sort with    93 evals	{:CityMPG+ 33.0 :Class- 8.6 :HighwayMPG+ 41.0 :N 6 :Weight- 2045.0}	{:CityMPG+ 4.26 :Class- 0.54 :HighwayMPG+ 3.49 :N 6 :Weight- 253.88}

▶️  xpln ------------------------------------------------------------

▶️  xpln ------------------------------------------------------------

-----------
explain=	{:Engine_size {{-inf 1.6}} :Length {{-inf 174}} :type {Small}}
all               	{:CityMPG+ 21.0 :Class- 17.7 :HighwayMPG+ 28.0 :N 93 :Weight- 3040.0}	{:CityMPG+ 4.65 :Class- 9.57 :HighwayMPG+ 5.04 :N 93 :Weight- 585.27}
sway with     5 evals	{:CityMPG+ 32.0 :Class- 9.8 :HighwayMPG+ 37.0 :N 5 :Weight- 2055.0}	{:CityMPG+ 3.88 :Class- 1.32 :HighwayMPG+ 3.88 :N 5 :Weight- 224.81}
xpln on       5 evals	{:CityMPG+ 32.0 :Class- 8.4 :HighwayMPG+ 37.0 :N 8 :Weight- 2045.0}	{:CityMPG+ 5.04 :Class- 1.12 :HighwayMPG+ 5.04 :N 8 :Weight- 251.94}
sort with    93 evals	{:CityMPG+ 39.0 :Class- 8.6 :HighwayMPG+ 43.0 :N 5 :Weight- 2045.0}	{:CityMPG+ 5.43 :Class- 1.43 :HighwayMPG+ 5.04 :N 5 :Weight- 253.88}

▶️  xpln ------------------------------------------------------------

-----------
explain=	{:domestic {1}}
all               	{:CityMPG+ 21.0 :Class- 17.7 :HighwayMPG+ 28.0 :N 93 :Weight- 3040.0}	{:CityMPG+ 4.65 :Class- 9.57 :HighwayMPG+ 5.04 :N 93 :Weight- 585.27}
sway with     5 evals	{:CityMPG+ 23.0 :Class- 11.1 :HighwayMPG+ 31.0 :N 6 :Weight- 2450.0}	{:CityMPG+ 3.1 :Class- 2.6 :HighwayMPG+ 4.65 :N 6 :Weight- 282.95}
xpln on       5 evals	{:CityMPG+ 20.0 :Class- 16.3 :HighwayMPG+ 28.0 :N 48 :Weight- 3240.0}	{:CityMPG+ 3.49 :Class- 7.13 :HighwayMPG+ 3.88 :N 48 :Weight- 565.89}
sort with    93 evals	{:CityMPG+ 33.0 :Class- 8.6 :HighwayMPG+ 41.0 :N 6 :Weight- 2045.0}	{:CityMPG+ 4.26 :Class- 0.54 :HighwayMPG+ 3.49 :N 6 :Weight- 253.88}

▶️  xpln ------------------------------------------------------------

-----------
explain=	{:type {Small}}
all               	{:CityMPG+ 21.0 :Class- 17.7 :HighwayMPG+ 28.0 :N 93 :Weight- 3040.0}	{:CityMPG+ 4.65 :Class- 9.57 :HighwayMPG+ 5.04 :N 93 :Weight- 585.27}
sway with     5 evals	{:CityMPG+ 29.0 :Class- 8.4 :HighwayMPG+ 33.0 :N 6 :Weight- 2240.0}	{:CityMPG+ 3.1 :Class- 0.43 :HighwayMPG+ 1.55 :N 6 :Weight- 139.53}
xpln on       5 evals	{:CityMPG+ 29.0 :Class- 10.0 :HighwayMPG+ 33.0 :N 22 :Weight- 2345.0}	{:CityMPG+ 6.59 :Class- 1.63 :HighwayMPG+ 5.43 :N 22 :Weight- 319.77}
sort with    93 evals	{:CityMPG+ 33.0 :Class- 8.6 :HighwayMPG+ 41.0 :N 6 :Weight- 2045.0}	{:CityMPG+ 4.26 :Class- 0.54 :HighwayMPG+ 3.49 :N 6 :Weight- 253.88}

▶️  xpln ------------------------------------------------------------

-----------
explain=	{:domestic {1}}
all               	{:CityMPG+ 21.0 :Class- 17.7 :HighwayMPG+ 28.0 :N 93 :Weight- 3040.0}	{:CityMPG+ 4.65 :Class- 9.57 :HighwayMPG+ 5.04 :N 93 :Weight- 585.27}
sway with     5 evals	{:CityMPG+ 23.0 :Class- 11.1 :HighwayMPG+ 31.0 :N 6 :Weight- 2450.0}	{:CityMPG+ 3.1 :Class- 2.6 :HighwayMPG+ 4.65 :N 6 :Weight- 282.95}
xpln on       5 evals	{:CityMPG+ 20.0 :Class- 16.3 :HighwayMPG+ 28.0 :N 48 :Weight- 3240.0}	{:CityMPG+ 3.49 :Class- 7.13 :HighwayMPG+ 3.88 :N 48 :Weight- 565.89}
sort with    93 evals	{:CityMPG+ 33.0 :Class- 8.6 :HighwayMPG+ 41.0 :N 6 :Weight- 2045.0}	{:CityMPG+ 4.26 :Class- 0.54 :HighwayMPG+ 3.49 :N 6 :Weight- 253.88}

▶️  xpln ------------------------------------------------------------

-----------
explain=	{:type {Small}}
all               	{:CityMPG+ 21.0 :Class- 17.7 :HighwayMPG+ 28.0 :N 93 :Weight- 3040.0}	{:CityMPG+ 4.65 :Class- 9.57 :HighwayMPG+ 5.04 :N 93 :Weight- 585.27}
sway with     5 evals	{:CityMPG+ 29.0 :Class- 10.0 :HighwayMPG+ 33.0 :N 5 :Weight- 2345.0}	{:CityMPG+ 6.59 :Class- 1.47 :HighwayMPG+ 5.43 :N 5 :Weight- 253.88}
xpln on       5 evals	{:CityMPG+ 29.0 :Class- 10.0 :HighwayMPG+ 33.0 :N 22 :Weight- 2345.0}	{:CityMPG+ 6.59 :Class- 1.63 :HighwayMPG+ 5.43 :N 22 :Weight- 319.77}
sort with    93 evals	{:CityMPG+ 39.0 :Class- 8.6 :HighwayMPG+ 43.0 :N 5 :Weight- 2045.0}	{:CityMPG+ 5.43 :Class- 1.43 :HighwayMPG+ 5.04 :N 5 :Weight- 253.88}

▶️  xpln ------------------------------------------------------------

-----------
explain=	{:Fuel_tank_capacity {{-inf 13.7}} :domestic {0} :type {Small}}
all               	{:CityMPG+ 21.0 :Class- 17.7 :HighwayMPG+ 28.0 :N 93 :Weight- 3040.0}	{:CityMPG+ 4.65 :Class- 9.57 :HighwayMPG+ 5.04 :N 93 :Weight- 585.27}
sway with     5 evals	{:CityMPG+ 29.0 :Class- 9.8 :HighwayMPG+ 33.0 :N 6 :Weight- 2295.0}	{:CityMPG+ 1.55 :Class- 1.47 :HighwayMPG+ 0.78 :N 6 :Weight- 189.92}
xpln on       5 evals	{:CityMPG+ 29.0 :Class- 9.1 :HighwayMPG+ 37.0 :N 11 :Weight- 2295.0}	{:CityMPG+ 6.59 :Class- 1.59 :HighwayMPG+ 5.81 :N 11 :Weight- 329.46}
sort with    93 evals	{:CityMPG+ 33.0 :Class- 8.6 :HighwayMPG+ 41.0 :N 6 :Weight- 2045.0}	{:CityMPG+ 4.26 :Class- 0.54 :HighwayMPG+ 3.49 :N 6 :Weight- 253.88}
