
▶️  xpln ------------------------------------------------------------

maker	Audi	Audi
maker	Buick	Buick
maker	Cadillac	Cadillac
maker	Chevrolet	Chevrolet
maker	Chrysler	Chrysler
maker	Dodge	Dodge
maker	Eagle	Eagle
maker	Ford	Ford
maker	Geo	Geo
maker	Honda	Honda
maker	Hyundai	Hyundai
maker	Lexus	Lexus
maker	Mazda	Mazda
maker	Mercedes-Benz	Mercedes-Benz
maker	Mercury	Mercury
maker	Mitsubishi	Mitsubishi
maker	Nissan	Nissan
maker	Oldsmobile	Oldsmobile
maker	Pontiac	Pontiac
maker	Saab	Saab
maker	Subaru	Subaru
maker	Suzuki	Suzuki
maker	Toyota	Toyota
maker	Volkswagen	Volkswagen
maker	Volvo	Volvo

type	Compact	Compact
type	Large	Large
type	Midsize	Midsize
type	Small	Small
type	Sporty	Sporty
type	Van	Van

Air_Bags_standard	-inf	0
Air_Bags_standard	0	1
Air_Bags_standard	1	inf

Drive_train_type	-inf	0
Drive_train_type	0	1
Drive_train_type	1	inf

Number_of_cylinders	-inf	3
Number_of_cylinders	3	5
Number_of_cylinders	5	inf

Engine_size	-inf	1.3
Engine_size	1.3	1.6
Engine_size	1.6	2
Engine_size	2	inf

Horsepower	-inf	73
Horsepower	73	105
Horsepower	105	115
Horsepower	115	138
Horsepower	138	inf

RPM	-inf	5000
RPM	5000	5400
RPM	5400	5800
RPM	5800	inf

Engine_revolutions_per_mile	-inf	2340
Engine_revolutions_per_mile	2340	2515
Engine_revolutions_per_mile	2515	2745
Engine_revolutions_per_mile	2745	inf

manual_transmission_available	0	0
manual_transmission_available	1	1

Fuel_tank_capacity	-inf	10.6
Fuel_tank_capacity	10.6	13.2
Fuel_tank_capacity	13.2	16
Fuel_tank_capacity	16	inf

Passenger_capacity	-inf	4
Passenger_capacity	4	5
Passenger_capacity	5	inf

Length	-inf	146
Length	146	163
Length	163	174
Length	174	inf

Wheelbase	-inf	93
Wheelbase	93	97
Wheelbase	97	101
Wheelbase	101	inf

Width	-inf	63
Width	63	66
Width	66	68
Width	68	inf

U-turn_space	-inf	33
U-turn_space	33	35
U-turn_space	35	36
U-turn_space	36	inf

Rear_seat_room	-inf	24
Rear_seat_room	24	25
Rear_seat_room	25	26.5
Rear_seat_room	26.5	27.5
Rear_seat_room	27.5	28.5
Rear_seat_room	28.5	inf

Luggage_capacity	-inf	10
Luggage_capacity	10	11
Luggage_capacity	11	12
Luggage_capacity	12	inf

domestic	0	0
domestic	1	1

type	Small	Small	0.79	{:best 6 :rest 16}
Fuel_tank_capacity	10.6	13.2	0.76	{:best 5 :rest 5}
Number_of_cylinders	3	5	0.65	{:best 6 :rest 32}
domestic	0	0	0.65	{:best 6 :rest 32}
Drive_train_type	0	1	0.62	{:best 6 :rest 37}
Engine_size	1.3	1.6	0.61	{:best 4 :rest 4}
manual_transmission_available	1	1	0.58	{:best 6 :rest 43}
Passenger_capacity	4	5	0.57	{:best 5 :rest 23}
Length	163	174	0.54	{:best 4 :rest 9}
Horsepower	73	105	0.53	{:best 4 :rest 10}
Rear_seat_room	25	26.5	0.51	{:best 4 :rest 12}
Luggage_capacity	10	11	0.43	{:best 3 :rest 5}
U-turn_space	35	36	0.43	{:best 3 :rest 5}
Air_Bags_standard	-inf	0	0.42	{:best 4 :rest 24}
Wheelbase	93	97	0.41	{:best 3 :rest 7}
Width	63	66	0.39	{:best 3 :rest 8}
Engine_revolutions_per_mile	2515	2745	0.38	{:best 3 :rest 9}
RPM	5800	inf	0.33	{:best 3 :rest 15}
maker	Hyundai	Hyundai	0.32	{:best 2 :rest 1}
Length	146	163	0.28	{:best 2 :rest 4}
Luggage_capacity	11	12	0.28	{:best 2 :rest 4}
U-turn_space	33	35	0.26	{:best 2 :rest 6}
Engine_size	1.6	2	0.24	{:best 2 :rest 8}
Width	-inf	63	0.24	{:best 2 :rest 8}
Engine_revolutions_per_mile	2340	2515	0.23	{:best 2 :rest 9}
Wheelbase	97	101	0.22	{:best 2 :rest 11}
RPM	5400	5800	0.19	{:best 2 :rest 15}
maker	Mitsubishi	Mitsubishi	0.17	{:best 1}
Air_Bags_standard	0	1	0.15	{:best 2 :rest 25}
maker	Nissan	Nissan	0.14	{:best 1 :rest 2}
maker	Volkswagen	Volkswagen	0.14	{:best 1 :rest 2}
maker	Toyota	Toyota	0.13	{:best 1 :rest 3}
Horsepower	115	138	0.1	{:best 1 :rest 6}
U-turn_space	-inf	33	0.1	{:best 1 :rest 6}
Horsepower	105	115	0.1	{:best 1 :rest 7}
Rear_seat_room	-inf	24	0.09	{:best 1 :rest 8}
Luggage_capacity	-inf	10	0.09	{:best 1 :rest 8}
Wheelbase	-inf	93	0.09	{:best 1 :rest 8}
Rear_seat_room	27.5	28.5	0.08	{:best 1 :rest 10}
RPM	5000	5400	0.08	{:best 1 :rest 11}
Width	66	68	0.07	{:best 1 :rest 13}
Engine_revolutions_per_mile	2745	inf	0.07	{:best 1 :rest 13}
Fuel_tank_capacity	13.2	16	0.07	{:best 1 :rest 14}
Passenger_capacity	-inf	4	0.05	{:best 1 :rest 23}
Rear_seat_room	28.5	inf	0.0	{:rest 17}
Passenger_capacity	5	inf	0.0	{:rest 14}
manual_transmission_available	0	0	0.0	{:rest 17}
Luggage_capacity	12	inf	0.0	{:rest 34}
Wheelbase	101	inf	0.0	{:rest 34}
Fuel_tank_capacity	16	inf	0.0	{:rest 33}
Width	68	inf	0.0	{:rest 31}
Rear_seat_room	26.5	27.5	0.0	{:rest 7}
U-turn_space	36	inf	0.0	{:rest 43}
Fuel_tank_capacity	-inf	10.6	0.0	{:rest 8}
Length	-inf	146	0.0	{:rest 5}
Rear_seat_room	24	25	0.0	{:rest 5}
Length	174	inf	0.0	{:rest 42}
maker	Audi	Audi	0.0	{:rest 1}
RPM	-inf	5000	0.0	{:rest 19}
maker	Mazda	Mazda	0.0	{:rest 3}
maker	Lexus	Lexus	0.0	{:rest 3}
maker	Honda	Honda	0.0	{:rest 3}
maker	Mercedes-Benz	Mercedes-Benz	0.0	{:rest 1}
maker	Oldsmobile	Oldsmobile	0.0	{:rest 2}
maker	Mercury	Mercury	0.0	{:rest 1}
maker	Pontiac	Pontiac	0.0	{:rest 2}
maker	Saab	Saab	0.0	{:rest 1}
maker	Geo	Geo	0.0	{:rest 2}
maker	Eagle	Eagle	0.0	{:rest 1}
maker	Cadillac	Cadillac	0.0	{:rest 1}
maker	Buick	Buick	0.0	{:rest 1}
maker	Ford	Ford	0.0	{:rest 7}
maker	Chevrolet	Chevrolet	0.0	{:rest 4}
maker	Dodge	Dodge	0.0	{:rest 7}
maker	Chrysler	Chrysler	0.0	{:rest 2}
Engine_revolutions_per_mile	-inf	2340	0.0	{:rest 29}
maker	Subaru	Subaru	0.0	{:rest 4}
maker	Volvo	Volvo	0.0	{:rest 4}
Engine_size	-inf	1.3	0.0	{:rest 9}
Number_of_cylinders	5	inf	0.0	{:rest 21}
Number_of_cylinders	-inf	3	0.0	{:rest 6}
Engine_size	2	inf	0.0	{:rest 39}
Horsepower	138	inf	0.0	{:rest 29}
Horsepower	-inf	73	0.0	{:rest 8}
maker	Suzuki	Suzuki	0.0	{:rest 2}
Drive_train_type	1	inf	0.0	{:rest 13}
Air_Bags_standard	1	inf	0.0	{:rest 11}
type	Large	Large	0.0	{:rest 3}
type	Compact	Compact	0.0	{:rest 10}
Drive_train_type	-inf	0	0.0	{:rest 10}
type	Midsize	Midsize	0.0	{:rest 14}
type	Van	Van	0.0	{:rest 8}
type	Sporty	Sporty	0.0	{:rest 9}
domestic	1	1	0.0	{:rest 28}
{:type {Small}}
{:Fuel_tank_capacity {{10.6 13.2}} :type {Small}}
{:Fuel_tank_capacity {{10.6 13.2}} :Number_of_cylinders {{3 5}} :type {Small}}
{:Fuel_tank_capacity {{10.6 13.2}} :Number_of_cylinders {{3 5}} :domestic {0} :type {Small}}
{:Drive_train_type {{0 1}} :Fuel_tank_capacity {{10.6 13.2}} :Number_of_cylinders {{3 5}} :domestic {0} :type {Small}}
{:Drive_train_type {{0 1}} :Engine_size {{1.3 1.6}} :Fuel_tank_capacity {{10.6 13.2}} :Number_of_cylinders {{3 5}} :domestic {0} :type {Small}}
{:Drive_train_type {{0 1}} :Engine_size {{1.3 1.6}} :Fuel_tank_capacity {{10.6 13.2}} :Number_of_cylinders {{3 5}} :domestic {0} :manual_transmission_available {1} :type {Small}}
{:Drive_train_type {{0 1}} :Engine_size {{1.3 1.6}} :Fuel_tank_capacity {{10.6 13.2}} :Number_of_cylinders {{3 5}} :Passenger_capacity {{4 5}} :domestic {0} :manual_transmission_available {1} :type {Small}}
{:Drive_train_type {{0 1}} :Engine_size {{1.3 1.6}} :Fuel_tank_capacity {{10.6 13.2}} :Length {{163 174}} :Number_of_cylinders {{3 5}} :Passenger_capacity {{4 5}} :domestic {0} :manual_transmission_available {1} :type {Small}}
{:Drive_train_type {{0 1}} :Engine_size {{1.3 1.6}} :Fuel_tank_capacity {{10.6 13.2}} :Horsepower {{73 105}} :Length {{163 174}} :Number_of_cylinders {{3 5}} :Passenger_capacity {{4 5}} :domestic {0} :manual_transmission_available {1} :type {Small}}
{:Drive_train_type {{0 1}} :Engine_size {{1.3 1.6}} :Fuel_tank_capacity {{10.6 13.2}} :Horsepower {{73 105}} :Length {{163 174}} :Number_of_cylinders {{3 5}} :Passenger_capacity {{4 5}} :Rear_seat_room {{25 26.5}} :domestic {0} :manual_transmission_available {1} :type {Small}}
{:Drive_train_type {{0 1}} :Engine_size {{1.3 1.6}} :Fuel_tank_capacity {{10.6 13.2}} :Horsepower {{73 105}} :Length {{163 174}} :Luggage_capacity {{10 11}} :Number_of_cylinders {{3 5}} :Passenger_capacity {{4 5}} :Rear_seat_room {{25 26.5}} :domestic {0} :manual_transmission_available {1} :type {Small}}
{:Drive_train_type {{0 1}} :Engine_size {{1.3 1.6}} :Fuel_tank_capacity {{10.6 13.2}} :Horsepower {{73 105}} :Length {{163 174}} :Luggage_capacity {{10 11}} :Number_of_cylinders {{3 5}} :Passenger_capacity {{4 5}} :Rear_seat_room {{25 26.5}} :U-turn_space {{35 36}} :domestic {0} :manual_transmission_available {1} :type {Small}}
{:Air_Bags_standard {{-inf 0}} :Drive_train_type {{0 1}} :Engine_size {{1.3 1.6}} :Fuel_tank_capacity {{10.6 13.2}} :Horsepower {{73 105}} :Length {{163 174}} :Luggage_capacity {{10 11}} :Number_of_cylinders {{3 5}} :Passenger_capacity {{4 5}} :Rear_seat_room {{25 26.5}} :U-turn_space {{35 36}} :domestic {0} :manual_transmission_available {1} :type {Small}}
{:Air_Bags_standard {{-inf 0}} :Drive_train_type {{0 1}} :Engine_size {{1.3 1.6}} :Fuel_tank_capacity {{10.6 13.2}} :Horsepower {{73 105}} :Length {{163 174}} :Luggage_capacity {{10 11}} :Number_of_cylinders {{3 5}} :Passenger_capacity {{4 5}} :Rear_seat_room {{25 26.5}} :U-turn_space {{35 36}} :Wheelbase {{93 97}} :domestic {0} :manual_transmission_available {1} :type {Small}}
{:Air_Bags_standard {{-inf 0}} :Drive_train_type {{0 1}} :Engine_size {{1.3 1.6}} :Fuel_tank_capacity {{10.6 13.2}} :Horsepower {{73 105}} :Length {{163 174}} :Luggage_capacity {{10 11}} :Number_of_cylinders {{3 5}} :Passenger_capacity {{4 5}} :Rear_seat_room {{25 26.5}} :U-turn_space {{35 36}} :Wheelbase {{93 97}} :Width {{63 66}} :domestic {0} :manual_transmission_available {1} :type {Small}}
{:Air_Bags_standard {{-inf 0}} :Drive_train_type {{0 1}} :Engine_revolutions_per_mile {{2515 2745}} :Engine_size {{1.3 1.6}} :Fuel_tank_capacity {{10.6 13.2}} :Horsepower {{73 105}} :Length {{163 174}} :Luggage_capacity {{10 11}} :Number_of_cylinders {{3 5}} :Passenger_capacity {{4 5}} :Rear_seat_room {{25 26.5}} :U-turn_space {{35 36}} :Wheelbase {{93 97}} :Width {{63 66}} :domestic {0} :manual_transmission_available {1} :type {Small}}
{:Air_Bags_standard {{-inf 0}} :Drive_train_type {{0 1}} :Engine_revolutions_per_mile {{2515 2745}} :Engine_size {{1.3 1.6}} :Fuel_tank_capacity {{10.6 13.2}} :Horsepower {{73 105}} :Length {{163 174}} :Luggage_capacity {{10 11}} :Number_of_cylinders {{3 5}} :Passenger_capacity {{4 5}} :RPM {{5800 inf}} :Rear_seat_room {{25 26.5}} :U-turn_space {{35 36}} :Wheelbase {{93 97}} :Width {{63 66}} :domestic {0} :manual_transmission_available {1} :type {Small}}
{:Air_Bags_standard {{-inf 0}} :Drive_train_type {{0 1}} :Engine_revolutions_per_mile {{2515 2745}} :Engine_size {{1.3 1.6}} :Fuel_tank_capacity {{10.6 13.2}} :Horsepower {{73 105}} :Length {{163 174}} :Luggage_capacity {{10 11}} :Number_of_cylinders {{3 5}} :Passenger_capacity {{4 5}} :RPM {{5800 inf}} :Rear_seat_room {{25 26.5}} :U-turn_space {{35 36}} :Wheelbase {{93 97}} :Width {{63 66}} :domestic {0} :maker {Hyundai} :manual_transmission_available {1} :type {Small}}
{:Air_Bags_standard {{-inf 0}} :Drive_train_type {{0 1}} :Engine_revolutions_per_mile {{2515 2745}} :Engine_size {{1.3 1.6}} :Fuel_tank_capacity {{10.6 13.2}} :Horsepower {{73 105}} :Length {{146 174}} :Luggage_capacity {{10 11}} :Number_of_cylinders {{3 5}} :Passenger_capacity {{4 5}} :RPM {{5800 inf}} :Rear_seat_room {{25 26.5}} :U-turn_space {{35 36}} :Wheelbase {{93 97}} :Width {{63 66}} :domestic {0} :maker {Hyundai} :manual_transmission_available {1} :type {Small}}
{:Air_Bags_standard {{-inf 0}} :Drive_train_type {{0 1}} :Engine_revolutions_per_mile {{2515 2745}} :Engine_size {{1.3 1.6}} :Fuel_tank_capacity {{10.6 13.2}} :Horsepower {{73 105}} :Length {{146 174}} :Luggage_capacity {{10 12}} :Number_of_cylinders {{3 5}} :Passenger_capacity {{4 5}} :RPM {{5800 inf}} :Rear_seat_room {{25 26.5}} :U-turn_space {{35 36}} :Wheelbase {{93 97}} :Width {{63 66}} :domestic {0} :maker {Hyundai} :manual_transmission_available {1} :type {Small}}
{:Air_Bags_standard {{-inf 0}} :Drive_train_type {{0 1}} :Engine_revolutions_per_mile {{2515 2745}} :Engine_size {{1.3 1.6}} :Fuel_tank_capacity {{10.6 13.2}} :Horsepower {{73 105}} :Length {{146 174}} :Luggage_capacity {{10 12}} :Number_of_cylinders {{3 5}} :Passenger_capacity {{4 5}} :RPM {{5800 inf}} :Rear_seat_room {{25 26.5}} :U-turn_space {{33 36}} :Wheelbase {{93 97}} :Width {{63 66}} :domestic {0} :maker {Hyundai} :manual_transmission_available {1} :type {Small}}
{:Air_Bags_standard {{-inf 0}} :Drive_train_type {{0 1}} :Engine_revolutions_per_mile {{2515 2745}} :Engine_size {{1.3 2}} :Fuel_tank_capacity {{10.6 13.2}} :Horsepower {{73 105}} :Length {{146 174}} :Luggage_capacity {{10 12}} :Number_of_cylinders {{3 5}} :Passenger_capacity {{4 5}} :RPM {{5800 inf}} :Rear_seat_room {{25 26.5}} :U-turn_space {{33 36}} :Wheelbase {{93 97}} :Width {{63 66}} :domestic {0} :maker {Hyundai} :manual_transmission_available {1} :type {Small}}
{:Air_Bags_standard {{-inf 0}} :Drive_train_type {{0 1}} :Engine_revolutions_per_mile {{2515 2745}} :Engine_size {{1.3 2}} :Fuel_tank_capacity {{10.6 13.2}} :Horsepower {{73 105}} :Length {{146 174}} :Luggage_capacity {{10 12}} :Number_of_cylinders {{3 5}} :Passenger_capacity {{4 5}} :RPM {{5800 inf}} :Rear_seat_room {{25 26.5}} :U-turn_space {{33 36}} :Wheelbase {{93 97}} :Width {{-inf 66}} :domestic {0} :maker {Hyundai} :manual_transmission_available {1} :type {Small}}
{:Air_Bags_standard {{-inf 0}} :Drive_train_type {{0 1}} :Engine_revolutions_per_mile {{2340 2745}} :Engine_size {{1.3 2}} :Fuel_tank_capacity {{10.6 13.2}} :Horsepower {{73 105}} :Length {{146 174}} :Luggage_capacity {{10 12}} :Number_of_cylinders {{3 5}} :Passenger_capacity {{4 5}} :RPM {{5800 inf}} :Rear_seat_room {{25 26.5}} :U-turn_space {{33 36}} :Wheelbase {{93 97}} :Width {{-inf 66}} :domestic {0} :maker {Hyundai} :manual_transmission_available {1} :type {Small}}
{:Air_Bags_standard {{-inf 0}} :Drive_train_type {{0 1}} :Engine_revolutions_per_mile {{2340 2745}} :Engine_size {{1.3 2}} :Fuel_tank_capacity {{10.6 13.2}} :Horsepower {{73 105}} :Length {{146 174}} :Luggage_capacity {{10 12}} :Number_of_cylinders {{3 5}} :Passenger_capacity {{4 5}} :RPM {{5800 inf}} :Rear_seat_room {{25 26.5}} :U-turn_space {{33 36}} :Wheelbase {{93 101}} :Width {{-inf 66}} :domestic {0} :maker {Hyundai} :manual_transmission_available {1} :type {Small}}
{:Air_Bags_standard {{-inf 0}} :Drive_train_type {{0 1}} :Engine_revolutions_per_mile {{2340 2745}} :Engine_size {{1.3 2}} :Fuel_tank_capacity {{10.6 13.2}} :Horsepower {{73 105}} :Length {{146 174}} :Luggage_capacity {{10 12}} :Number_of_cylinders {{3 5}} :Passenger_capacity {{4 5}} :RPM {{5400 inf}} :Rear_seat_room {{25 26.5}} :U-turn_space {{33 36}} :Wheelbase {{93 101}} :Width {{-inf 66}} :domestic {0} :maker {Hyundai} :manual_transmission_available {1} :type {Small}}
{:Air_Bags_standard {{-inf 0}} :Drive_train_type {{0 1}} :Engine_revolutions_per_mile {{2340 2745}} :Engine_size {{1.3 2}} :Fuel_tank_capacity {{10.6 13.2}} :Horsepower {{73 105}} :Length {{146 174}} :Luggage_capacity {{10 12}} :Number_of_cylinders {{3 5}} :Passenger_capacity {{4 5}} :RPM {{5400 inf}} :Rear_seat_room {{25 26.5}} :U-turn_space {{33 36}} :Wheelbase {{93 101}} :Width {{-inf 66}} :domestic {0} :maker {Hyundai Mitsubishi} :manual_transmission_available {1} :type {Small}}
{:Air_Bags_standard {{-inf 1}} :Drive_train_type {{0 1}} :Engine_revolutions_per_mile {{2340 2745}} :Engine_size {{1.3 2}} :Fuel_tank_capacity {{10.6 13.2}} :Horsepower {{73 105}} :Length {{146 174}} :Luggage_capacity {{10 12}} :Number_of_cylinders {{3 5}} :Passenger_capacity {{4 5}} :RPM {{5400 inf}} :Rear_seat_room {{25 26.5}} :U-turn_space {{33 36}} :Wheelbase {{93 101}} :Width {{-inf 66}} :domestic {0} :maker {Hyundai Mitsubishi} :manual_transmission_available {1} :type {Small}}
{:Air_Bags_standard {{-inf 1}} :Drive_train_type {{0 1}} :Engine_revolutions_per_mile {{2340 2745}} :Engine_size {{1.3 2}} :Fuel_tank_capacity {{10.6 13.2}} :Horsepower {{73 105}} :Length {{146 174}} :Luggage_capacity {{10 12}} :Number_of_cylinders {{3 5}} :Passenger_capacity {{4 5}} :RPM {{5400 inf}} :Rear_seat_room {{25 26.5}} :U-turn_space {{33 36}} :Wheelbase {{93 101}} :Width {{-inf 66}} :domestic {0} :maker {Hyundai Mitsubishi Nissan} :manual_transmission_available {1} :type {Small}}
{:Air_Bags_standard {{-inf 1}} :Drive_train_type {{0 1}} :Engine_revolutions_per_mile {{2340 2745}} :Engine_size {{1.3 2}} :Fuel_tank_capacity {{10.6 13.2}} :Horsepower {{73 105}} :Length {{146 174}} :Luggage_capacity {{10 12}} :Number_of_cylinders {{3 5}} :Passenger_capacity {{4 5}} :RPM {{5400 inf}} :Rear_seat_room {{25 26.5}} :U-turn_space {{33 36}} :Wheelbase {{93 101}} :Width {{-inf 66}} :domestic {0} :maker {Hyundai Mitsubishi Nissan Volkswagen} :manual_transmission_available {1} :type {Small}}
{:Air_Bags_standard {{-inf 1}} :Drive_train_type {{0 1}} :Engine_revolutions_per_mile {{2340 2745}} :Engine_size {{1.3 2}} :Fuel_tank_capacity {{10.6 13.2}} :Horsepower {{73 105}} :Length {{146 174}} :Luggage_capacity {{10 12}} :Number_of_cylinders {{3 5}} :Passenger_capacity {{4 5}} :RPM {{5400 inf}} :Rear_seat_room {{25 26.5}} :U-turn_space {{33 36}} :Wheelbase {{93 101}} :Width {{-inf 66}} :domestic {0} :maker {Hyundai Mitsubishi Nissan Toyota Volkswagen} :manual_transmission_available {1} :type {Small}}
{:Air_Bags_standard {{-inf 1}} :Drive_train_type {{0 1}} :Engine_revolutions_per_mile {{2340 2745}} :Engine_size {{1.3 2}} :Fuel_tank_capacity {{10.6 13.2}} :Horsepower {{73 105} {115 138}} :Length {{146 174}} :Luggage_capacity {{10 12}} :Number_of_cylinders {{3 5}} :Passenger_capacity {{4 5}} :RPM {{5400 inf}} :Rear_seat_room {{25 26.5}} :U-turn_space {{33 36}} :Wheelbase {{93 101}} :Width {{-inf 66}} :domestic {0} :maker {Hyundai Mitsubishi Nissan Toyota Volkswagen} :manual_transmission_available {1} :type {Small}}
{:Air_Bags_standard {{-inf 1}} :Drive_train_type {{0 1}} :Engine_revolutions_per_mile {{2340 2745}} :Engine_size {{1.3 2}} :Fuel_tank_capacity {{10.6 13.2}} :Horsepower {{73 105} {115 138}} :Length {{146 174}} :Luggage_capacity {{10 12}} :Number_of_cylinders {{3 5}} :Passenger_capacity {{4 5}} :RPM {{5400 inf}} :Rear_seat_room {{25 26.5}} :U-turn_space {{-inf 36}} :Wheelbase {{93 101}} :Width {{-inf 66}} :domestic {0} :maker {Hyundai Mitsubishi Nissan Toyota Volkswagen} :manual_transmission_available {1} :type {Small}}
{:Air_Bags_standard {{-inf 1}} :Drive_train_type {{0 1}} :Engine_revolutions_per_mile {{2340 2745}} :Engine_size {{1.3 2}} :Fuel_tank_capacity {{10.6 13.2}} :Horsepower {{73 138}} :Length {{146 174}} :Luggage_capacity {{10 12}} :Number_of_cylinders {{3 5}} :Passenger_capacity {{4 5}} :RPM {{5400 inf}} :Rear_seat_room {{25 26.5}} :U-turn_space {{-inf 36}} :Wheelbase {{93 101}} :Width {{-inf 66}} :domestic {0} :maker {Hyundai Mitsubishi Nissan Toyota Volkswagen} :manual_transmission_available {1} :type {Small}}
{:Air_Bags_standard {{-inf 1}} :Drive_train_type {{0 1}} :Engine_revolutions_per_mile {{2340 2745}} :Engine_size {{1.3 2}} :Fuel_tank_capacity {{10.6 13.2}} :Horsepower {{73 138}} :Length {{146 174}} :Luggage_capacity {{10 12}} :Number_of_cylinders {{3 5}} :Passenger_capacity {{4 5}} :RPM {{5400 inf}} :Rear_seat_room {{-inf 24} {25 26.5}} :U-turn_space {{-inf 36}} :Wheelbase {{93 101}} :Width {{-inf 66}} :domestic {0} :maker {Hyundai Mitsubishi Nissan Toyota Volkswagen} :manual_transmission_available {1} :type {Small}}
{:Air_Bags_standard {{-inf 1}} :Drive_train_type {{0 1}} :Engine_revolutions_per_mile {{2340 2745}} :Engine_size {{1.3 2}} :Fuel_tank_capacity {{10.6 13.2}} :Horsepower {{73 138}} :Length {{146 174}} :Luggage_capacity {{-inf 12}} :Number_of_cylinders {{3 5}} :Passenger_capacity {{4 5}} :RPM {{5400 inf}} :Rear_seat_room {{-inf 24} {25 26.5}} :U-turn_space {{-inf 36}} :Wheelbase {{93 101}} :Width {{-inf 66}} :domestic {0} :maker {Hyundai Mitsubishi Nissan Toyota Volkswagen} :manual_transmission_available {1} :type {Small}}
{:Air_Bags_standard {{-inf 1}} :Drive_train_type {{0 1}} :Engine_revolutions_per_mile {{2340 2745}} :Engine_size {{1.3 2}} :Fuel_tank_capacity {{10.6 13.2}} :Horsepower {{73 138}} :Length {{146 174}} :Luggage_capacity {{-inf 12}} :Number_of_cylinders {{3 5}} :Passenger_capacity {{4 5}} :RPM {{5400 inf}} :Rear_seat_room {{-inf 24} {25 26.5}} :U-turn_space {{-inf 36}} :Wheelbase {{-inf 101}} :Width {{-inf 66}} :domestic {0} :maker {Hyundai Mitsubishi Nissan Toyota Volkswagen} :manual_transmission_available {1} :type {Small}}
{:Air_Bags_standard {{-inf 1}} :Drive_train_type {{0 1}} :Engine_revolutions_per_mile {{2340 2745}} :Engine_size {{1.3 2}} :Fuel_tank_capacity {{10.6 13.2}} :Horsepower {{73 138}} :Length {{146 174}} :Luggage_capacity {{-inf 12}} :Number_of_cylinders {{3 5}} :Passenger_capacity {{4 5}} :RPM {{5400 inf}} :Rear_seat_room {{-inf 24} {25 26.5} {27.5 28.5}} :U-turn_space {{-inf 36}} :Wheelbase {{-inf 101}} :Width {{-inf 66}} :domestic {0} :maker {Hyundai Mitsubishi Nissan Toyota Volkswagen} :manual_transmission_available {1} :type {Small}}
{:Air_Bags_standard {{-inf 1}} :Drive_train_type {{0 1}} :Engine_revolutions_per_mile {{2340 2745}} :Engine_size {{1.3 2}} :Fuel_tank_capacity {{10.6 13.2}} :Horsepower {{73 138}} :Length {{146 174}} :Luggage_capacity {{-inf 12}} :Number_of_cylinders {{3 5}} :Passenger_capacity {{4 5}} :RPM {{5000 inf}} :Rear_seat_room {{-inf 24} {25 26.5} {27.5 28.5}} :U-turn_space {{-inf 36}} :Wheelbase {{-inf 101}} :Width {{-inf 66}} :domestic {0} :maker {Hyundai Mitsubishi Nissan Toyota Volkswagen} :manual_transmission_available {1} :type {Small}}

-----------
explain=	{:type {Small}}
all               	{:CityMPG+ 21.0 :Class- 17.7 :HighwayMPG+ 28.0 :N 93 :Weight- 3040.0}	{:CityMPG+ 4.65 :Class- 9.57 :HighwayMPG+ 5.04 :N 93 :Weight- 585.27}
sway with     5 evals	{:CityMPG+ 29.0 :Class- 9.8 :HighwayMPG+ 33.0 :N 6 :Weight- 2295.0}	{:CityMPG+ 2.71 :Class- 0.89 :HighwayMPG+ 1.55 :N 6 :Weight- 189.92}
xpln on       5 evals	{:CityMPG+ 29.0 :Class- 10.0 :HighwayMPG+ 33.0 :N 21 :Weight- 2345.0}	{:CityMPG+ 6.2 :Class- 1.59 :HighwayMPG+ 5.43 :N 21 :Weight- 300.39}
sort with    93 evals	{:CityMPG+ 33.0 :Class- 8.6 :HighwayMPG+ 41.0 :N 6 :Weight- 2045.0}	{:CityMPG+ 4.26 :Class- 0.54 :HighwayMPG+ 3.49 :N 6 :Weight- 253.88}
